[2026-06-28 16:50:23] [INFO] Repository initialized lazily for: data/admins.dat
[2026-06-28 16:50:23] [INFO] Repository initialized lazily for: data/customers.dat
[2026-06-28 16:50:23] [INFO] Repository initialized lazily for: data/delivery_partners.dat
[2026-06-28 16:50:23] [INFO] Repository initialized lazily for: data/menu_items.dat
[2026-06-28 16:50:23] [INFO] Repository initialized lazily for: data/orders.dat
[2026-06-28 16:50:23] [INFO] Application starting with lazy loading...
[2026-06-28 16:50:23] [INFO] Data lazily loaded from data/admins.dat | Records: 0
[2026-06-28 16:50:24] [INFO] Entity saved to data/admins.dat
[2026-06-28 16:50:24] [INFO] Default admin seeded: admin
[2026-06-28 16:50:24] [INFO] Application started successfully.
[2026-06-28 16:55:05] [INFO] Repository initialized lazily for: data/admins.dat
[2026-06-28 16:55:05] [INFO] Repository initialized lazily for: data/customers.dat
[2026-06-28 16:55:05] [INFO] Repository initialized lazily for: data/delivery_partners.dat
[2026-06-28 16:55:05] [INFO] Repository initialized lazily for: data/menu_items.dat
[2026-06-28 16:55:05] [INFO] Repository initialized lazily for: data/orders.dat
[2026-06-28 16:55:05] [INFO] Application starting with lazy loading...
[2026-06-28 16:55:05] [INFO] Data lazily loaded from data/admins.dat | Records: 1
[2026-06-28 16:55:05] [INFO] Application started successfully.
[2026-06-28 16:56:59] [INFO] Repository initialized lazily for: data/admins.dat
[2026-06-28 16:56:59] [INFO] Repository initialized lazily for: data/customers.dat
[2026-06-28 16:56:59] [INFO] Repository initialized lazily for: data/delivery_partners.dat
[2026-06-28 16:56:59] [INFO] Repository initialized lazily for: data/menu_items.dat
[2026-06-28 16:56:59] [INFO] Repository initialized lazily for: data/orders.dat
[2026-06-28 16:56:59] [INFO] Application starting with lazy loading...
[2026-06-28 16:56:59] [INFO] Data lazily loaded from data/admins.dat | Records: 1
[2026-06-28 16:56:59] [INFO] Application started successfully.
[2026-06-28 16:57:38] [INFO] Repository initialized lazily for: data/admins.dat
[2026-06-28 16:57:38] [INFO] Repository initialized lazily for: data/customers.dat
[2026-06-28 16:57:38] [INFO] Repository initialized lazily for: data/delivery_partners.dat
[2026-06-28 16:57:38] [INFO] Repository initialized lazily for: data/menu_items.dat
[2026-06-28 16:57:38] [INFO] Repository initialized lazily for: data/orders.dat
[2026-06-28 16:57:38] [INFO] Application starting with lazy loading...
[2026-06-28 16:57:38] [INFO] Data lazily loaded from data/admins.dat | Records: 1
[2026-06-28 16:57:38] [INFO] Application started successfully.
[2026-06-28 17:11:36] [INFO] Repository initialized lazily for: data/admins.dat
[2026-06-28 17:11:36] [INFO] Repository initialized lazily for: data/customers.dat
[2026-06-28 17:11:36] [INFO] Repository initialized lazily for: data/delivery_partners.dat
[2026-06-28 17:11:36] [INFO] Repository initialized lazily for: data/menu_items.dat
[2026-06-28 17:11:36] [INFO] Repository initialized lazily for: data/orders.dat
[2026-06-28 17:11:37] [INFO] Application starting with lazy loading...
[2026-06-28 17:11:37] [INFO] Data lazily loaded from data/admins.dat | Records: 1
[2026-06-28 17:11:37] [INFO] Application started successfully.
[2026-06-28 17:28:33] [INFO] Repository initialized lazily for: data/admins.dat
[2026-06-28 17:28:33] [INFO] Repository initialized lazily for: data/customers.dat
[2026-06-28 17:28:33] [INFO] Repository initialized lazily for: data/delivery_partners.dat
[2026-06-28 17:28:33] [INFO] Repository initialized lazily for: data/menu_items.dat
[2026-06-28 17:28:33] [INFO] Repository initialized lazily for: data/orders.dat
[2026-06-28 17:28:33] [INFO] Application starting with lazy loading...
[2026-06-28 17:28:33] [INFO] Data lazily loaded from data/admins.dat | Records: 1
[2026-06-28 17:28:33] [INFO] Application started successfully.
[2026-06-28 17:32:41] [INFO] Repository initialized lazily for: data/admins.dat
[2026-06-28 17:32:41] [INFO] Repository initialized lazily for: data/customers.dat
[2026-06-28 17:32:41] [INFO] Repository initialized lazily for: data/delivery_partners.dat
[2026-06-28 17:32:41] [INFO] Repository initialized lazily for: data/menu_items.dat
[2026-06-28 17:32:41] [INFO] Repository initialized lazily for: data/orders.dat
[2026-06-28 17:32:41] [INFO] Application starting with lazy loading...
[2026-06-28 17:32:41] [INFO] Data lazily loaded from data/admins.dat | Records: 1
[2026-06-28 17:32:41] [INFO] Application started successfully.
[2026-06-28 17:56:05] [INFO] Repository initialized lazily for: data/admins.dat
[2026-06-28 17:56:05] [INFO] Repository initialized lazily for: data/customers.dat
[2026-06-28 17:56:05] [INFO] Repository initialized lazily for: data/delivery_partners.dat
[2026-06-28 17:56:05] [INFO] Repository initialized lazily for: data/menu_items.dat
[2026-06-28 17:56:05] [INFO] Repository initialized lazily for: data/orders.dat
[2026-06-28 17:56:05] [INFO] Application starting with lazy loading...
[2026-06-28 17:56:05] [INFO] Data lazily loaded from data/admins.dat | Records: 1
[2026-06-28 17:56:05] [INFO] Application started successfully.
